2017-11-24 23:38:08:INFO: Create signaler for active 'EURUSD-OTC'.
2017-11-24 23:38:08:INFO: Signaler for active 'EURUSD-OTC' started.
2017-11-24 23:38:08:INFO: Signaler for active 'EURUSD-OTC' wait for pattern 'TEST'.
2017-11-24 23:38:08:INFO: Signaler for active 'EURUSD-OTC' wait for pattern 'TBH'.
2017-11-24 23:38:08:INFO: Create signaler for active 'EURUSD'.
2017-11-24 23:38:08:INFO: Signaler for active 'EURUSD' started.
2017-11-24 23:38:08:INFO: Signaler for active 'EURUSD' wait for pattern 'TEST'.
2017-11-24 23:38:08:INFO: Signaler for active 'EURUSD' wait for pattern 'TBH'.
2017-11-24 23:39:27:INFO: Signaler for active 'EURUSD' recived pattern 'TEST' in direction 'call'.
2017-11-24 23:40:27:INFO: Signaler for active 'EURUSD' recived pattern 'TEST' in direction 'call'.
2017-11-24 23:41:26:INFO: Signaler for active 'EURUSD' recived pattern 'TEST' in direction 'put'.
2017-11-24 23:46:19:INFO: Create signaler for active 'EURUSD-OTC'.
2017-11-24 23:46:19:INFO: Signaler for active 'EURUSD-OTC' started.
2017-11-24 23:46:19:INFO: Signaler for active 'EURUSD-OTC' wait for pattern 'TEST'.
2017-11-24 23:46:19:INFO: Signaler for active 'EURUSD-OTC' wait for pattern 'TBH'.
2017-11-24 23:46:19:INFO: Create signaler for active 'EURUSD'.
2017-11-24 23:46:19:INFO: Signaler for active 'EURUSD' started.
2017-11-24 23:46:19:INFO: Signaler for active 'EURUSD' wait for pattern 'TEST'.
2017-11-24 23:46:19:INFO: Signaler for active 'EURUSD' wait for pattern 'TBH'.
2017-11-24 23:46:26:INFO: Signaler for active 'EURUSD' recived pattern 'TEST' in direction 'call'.
2017-11-24 23:47:25:INFO: Create signaler for active 'EURUSD-OTC'.
2017-11-24 23:47:25:INFO: Signaler for active 'EURUSD-OTC' started.
2017-11-24 23:47:25:INFO: Signaler for active 'EURUSD-OTC' wait for pattern 'TEST'.
2017-11-24 23:47:25:INFO: Signaler for active 'EURUSD-OTC' wait for pattern 'TBH'.
2017-11-24 23:47:25:INFO: Create signaler for active 'EURUSD'.
2017-11-24 23:47:25:INFO: Signaler for active 'EURUSD' started.
2017-11-24 23:47:25:INFO: Signaler for active 'EURUSD' wait for pattern 'TEST'.
2017-11-24 23:47:25:INFO: Signaler for active 'EURUSD' wait for pattern 'TBH'.
2017-11-24 23:47:26:INFO: Signaler for active 'EURUSD-OTC' recived pattern 'TEST' in direction 'call'.
2017-11-24 23:48:19:INFO: Create signaler for active 'EURUSD-OTC'.
2017-11-24 23:48:19:INFO: Signaler for active 'EURUSD-OTC' started.
2017-11-24 23:48:19:INFO: Signaler for active 'EURUSD-OTC' wait for pattern 'TEST'.
2017-11-24 23:48:19:INFO: Signaler for active 'EURUSD-OTC' wait for pattern 'TBH'.
2017-11-24 23:48:19:INFO: Create signaler for active 'EURUSD'.
2017-11-24 23:48:19:INFO: Signaler for active 'EURUSD' started.
2017-11-24 23:48:19:INFO: Signaler for active 'EURUSD' wait for pattern 'TEST'.
2017-11-24 23:48:19:INFO: Signaler for active 'EURUSD' wait for pattern 'TBH'.
2017-11-24 23:50:38:INFO: Create signaler for active 'EURUSD-OTC'.
2017-11-24 23:50:38:INFO: Signaler for active 'EURUSD-OTC' started.
2017-11-24 23:50:38:INFO: Signaler for active 'EURUSD-OTC' wait for pattern 'TEST'.
2017-11-24 23:50:38:INFO: Signaler for active 'EURUSD-OTC' wait for pattern 'TBH'.
2017-11-24 23:50:38:INFO: Create signaler for active 'EURUSD'.
2017-11-24 23:50:38:INFO: Signaler for active 'EURUSD' started.
2017-11-24 23:50:38:INFO: Signaler for active 'EURUSD' wait for pattern 'TEST'.
2017-11-24 23:50:38:INFO: Signaler for active 'EURUSD' wait for pattern 'TBH'.
2017-11-24 23:51:05:INFO: Create signaler for active 'EURUSD-OTC'.
2017-11-24 23:51:05:INFO: Signaler for active 'EURUSD-OTC' started.
2017-11-24 23:51:05:INFO: Signaler for active 'EURUSD-OTC' wait for pattern 'TEST'.
2017-11-24 23:51:05:INFO: Signaler for active 'EURUSD-OTC' wait for pattern 'TBH'.
2017-11-24 23:51:05:INFO: Create signaler for active 'EURUSD'.
2017-11-24 23:51:05:INFO: Signaler for active 'EURUSD' started.
2017-11-24 23:51:05:INFO: Signaler for active 'EURUSD' wait for pattern 'TEST'.
2017-11-24 23:51:05:INFO: Signaler for active 'EURUSD' wait for pattern 'TBH'.
2017-11-24 23:51:25:INFO: Create signaler for active 'EURUSD-OTC'.
2017-11-24 23:51:25:INFO: Signaler for active 'EURUSD-OTC' started.
2017-11-24 23:51:25:INFO: Signaler for active 'EURUSD-OTC' wait for pattern 'TEST'.
2017-11-24 23:51:25:INFO: Signaler for active 'EURUSD-OTC' wait for pattern 'TBH'.
2017-11-24 23:51:25:INFO: Create signaler for active 'EURUSD'.
2017-11-24 23:51:25:INFO: Signaler for active 'EURUSD' started.
2017-11-24 23:51:25:INFO: Signaler for active 'EURUSD' wait for pattern 'TEST'.
2017-11-24 23:51:25:INFO: Signaler for active 'EURUSD' wait for pattern 'TBH'.
2017-11-24 23:52:21:INFO: Signaler for active 'EURUSD-OTC' recived pattern 'TEST' in direction 'call'.
2017-11-24 23:53:12:INFO: Create signaler for active 'EURUSD-OTC'.
2017-11-24 23:53:12:INFO: Signaler for active 'EURUSD-OTC' started.
2017-11-24 23:53:12:INFO: Signaler for active 'EURUSD-OTC' wait for pattern 'TEST'.
2017-11-24 23:53:12:INFO: Signaler for active 'EURUSD-OTC' wait for pattern 'TBH'.
2017-11-24 23:53:12:INFO: Create signaler for active 'EURUSD'.
2017-11-24 23:53:12:INFO: Signaler for active 'EURUSD' started.
2017-11-24 23:53:12:INFO: Signaler for active 'EURUSD' wait for pattern 'TEST'.
2017-11-24 23:53:12:INFO: Signaler for active 'EURUSD' wait for pattern 'TBH'.
2017-11-24 23:53:28:INFO: Create signaler for active 'EURUSD-OTC'.
2017-11-24 23:53:28:INFO: Signaler for active 'EURUSD-OTC' started.
2017-11-24 23:53:28:INFO: Signaler for active 'EURUSD-OTC' wait for pattern 'TEST'.
2017-11-24 23:53:28:INFO: Signaler for active 'EURUSD-OTC' wait for pattern 'TBH'.
2017-11-24 23:53:28:INFO: Create signaler for active 'EURUSD'.
2017-11-24 23:53:28:INFO: Signaler for active 'EURUSD' started.
2017-11-24 23:53:28:INFO: Signaler for active 'EURUSD' wait for pattern 'TEST'.
2017-11-24 23:53:28:INFO: Signaler for active 'EURUSD' wait for pattern 'TBH'.
2017-11-24 23:54:04:INFO: Create signaler for active 'EURUSD-OTC'.
2017-11-24 23:54:04:INFO: Signaler for active 'EURUSD-OTC' started.
2017-11-24 23:54:04:INFO: Signaler for active 'EURUSD-OTC' wait for pattern 'TEST'.
2017-11-24 23:54:04:INFO: Signaler for active 'EURUSD-OTC' wait for pattern 'TBH'.
2017-11-24 23:54:04:INFO: Create signaler for active 'EURUSD'.
2017-11-24 23:54:04:INFO: Signaler for active 'EURUSD' started.
2017-11-24 23:54:04:INFO: Signaler for active 'EURUSD' wait for pattern 'TEST'.
2017-11-24 23:54:04:INFO: Signaler for active 'EURUSD' wait for pattern 'TBH'.
2017-11-24 23:57:43:INFO: Create signaler for active 'EURUSD-OTC'.
2017-11-24 23:57:43:INFO: Signaler for active 'EURUSD-OTC' started.
2017-11-24 23:57:43:INFO: Signaler for active 'EURUSD-OTC' wait for pattern 'TEST'.
2017-11-24 23:57:43:INFO: Signaler for active 'EURUSD-OTC' wait for pattern 'TBH'.
2017-11-24 23:57:43:INFO: Create signaler for active 'EURUSD'.
2017-11-24 23:57:43:INFO: Signaler for active 'EURUSD' started.
2017-11-24 23:57:43:INFO: Signaler for active 'EURUSD' wait for pattern 'TEST'.
2017-11-24 23:57:43:INFO: Signaler for active 'EURUSD' wait for pattern 'TBH'.
2017-11-24 23:58:20:INFO: Signaler for active 'EURUSD' recived pattern 'TEST' in direction 'put'.
2017-11-25 00:02:08:INFO: Create signaler for active 'EURUSD-OTC'.
2017-11-25 00:02:08:INFO: Signaler for active 'EURUSD-OTC' started.
2017-11-25 00:02:08:INFO: Signaler for active 'EURUSD-OTC' wait for pattern 'TEST'.
2017-11-25 00:02:08:INFO: Signaler for active 'EURUSD-OTC' wait for pattern 'TBH'.
2017-11-25 00:02:08:INFO: Create signaler for active 'EURUSD'.
2017-11-25 00:02:08:INFO: Signaler for active 'EURUSD' started.
2017-11-25 00:02:08:INFO: Signaler for active 'EURUSD' wait for pattern 'TEST'.
2017-11-25 00:02:08:INFO: Signaler for active 'EURUSD' wait for pattern 'TBH'.
2017-11-25 00:03:06:INFO: Create signaler for active 'EURUSD-OTC'.
2017-11-25 00:03:06:INFO: Signaler for active 'EURUSD-OTC' started.
2017-11-25 00:03:06:INFO: Signaler for active 'EURUSD-OTC' wait for pattern 'TEST'.
2017-11-25 00:03:06:INFO: Signaler for active 'EURUSD-OTC' wait for pattern 'TBH'.
2017-11-25 00:03:06:INFO: Create signaler for active 'EURUSD'.
2017-11-25 00:03:06:INFO: Signaler for active 'EURUSD' started.
2017-11-25 00:03:06:INFO: Signaler for active 'EURUSD' wait for pattern 'TEST'.
2017-11-25 00:03:06:INFO: Signaler for active 'EURUSD' wait for pattern 'TBH'.
2017-11-25 00:07:08:INFO: Create signaler for active 'EURUSD-OTC'.
2017-11-25 00:07:08:INFO: Signaler for active 'EURUSD-OTC' started.
2017-11-25 00:07:08:INFO: Signaler for active 'EURUSD-OTC' wait for pattern 'TEST'.
2017-11-25 00:07:08:INFO: Signaler for active 'EURUSD-OTC' wait for pattern 'TBH'.
2017-11-25 00:07:08:INFO: Create signaler for active 'EURUSD'.
2017-11-25 00:07:08:INFO: Signaler for active 'EURUSD' started.
2017-11-25 00:07:08:INFO: Signaler for active 'EURUSD' wait for pattern 'TEST'.
2017-11-25 00:07:08:INFO: Signaler for active 'EURUSD' wait for pattern 'TBH'.
2017-11-25 00:07:54:INFO: Create signaler for active 'EURUSD-OTC'.
2017-11-25 00:07:54:INFO: Signaler for active 'EURUSD-OTC' started.
2017-11-25 00:07:54:INFO: Signaler for active 'EURUSD-OTC' wait for pattern 'TEST'.
2017-11-25 00:07:54:INFO: Signaler for active 'EURUSD-OTC' wait for pattern 'TBH'.
2017-11-25 00:07:54:INFO: Create signaler for active 'EURUSD'.
2017-11-25 00:07:54:INFO: Signaler for active 'EURUSD' started.
2017-11-25 00:07:54:INFO: Signaler for active 'EURUSD' wait for pattern 'TEST'.
2017-11-25 00:07:54:INFO: Signaler for active 'EURUSD' wait for pattern 'TBH'.
2017-11-25 00:10:35:INFO: Create signaler for active 'EURUSD-OTC'.
2017-11-25 00:10:35:INFO: Signaler for active 'EURUSD-OTC' started.
2017-11-25 00:10:35:INFO: Signaler for active 'EURUSD-OTC' wait for pattern 'TEST'.
2017-11-25 00:10:35:INFO: Signaler for active 'EURUSD-OTC' wait for pattern 'TBH'.
2017-11-25 00:10:35:INFO: Create signaler for active 'EURUSD'.
2017-11-25 00:10:35:INFO: Signaler for active 'EURUSD' started.
2017-11-25 00:10:35:INFO: Signaler for active 'EURUSD' wait for pattern 'TEST'.
2017-11-25 00:10:35:INFO: Signaler for active 'EURUSD' wait for pattern 'TBH'.
2017-11-25 00:11:17:INFO: Create signaler for active 'EURUSD-OTC'.
2017-11-25 00:11:17:INFO: Signaler for active 'EURUSD-OTC' started.
2017-11-25 00:11:17:INFO: Signaler for active 'EURUSD-OTC' wait for pattern 'TEST'.
2017-11-25 00:11:17:INFO: Signaler for active 'EURUSD-OTC' wait for pattern 'TBH'.
2017-11-25 00:11:17:INFO: Create signaler for active 'EURUSD'.
2017-11-25 00:11:17:INFO: Signaler for active 'EURUSD' started.
2017-11-25 00:11:17:INFO: Signaler for active 'EURUSD' wait for pattern 'TEST'.
2017-11-25 00:11:17:INFO: Signaler for active 'EURUSD' wait for pattern 'TBH'.
2017-11-25 00:12:18:INFO: Signaler for active 'EURUSD-OTC' recived pattern 'TEST' in direction 'call'.
2017-11-25 00:13:17:INFO: Signaler for active 'EURUSD' recived pattern 'TEST' in direction 'call'.
2017-11-25 00:14:16:INFO: Signaler for active 'EURUSD-OTC' recived pattern 'TEST' in direction 'call'.
2017-11-25 00:15:16:INFO: Signaler for active 'EURUSD' recived pattern 'TEST' in direction 'call'.
2017-11-25 00:17:24:INFO: Create signaler for active 'EURUSD-OTC'.
2017-11-25 00:17:24:INFO: Signaler for active 'EURUSD-OTC' started.
2017-11-25 00:17:24:INFO: Signaler for active 'EURUSD-OTC' wait for pattern 'TEST'.
2017-11-25 00:17:24:INFO: Signaler for active 'EURUSD-OTC' wait for pattern 'TBH'.
2017-11-25 00:17:24:INFO: Create signaler for active 'EURUSD'.
2017-11-25 00:17:24:INFO: Signaler for active 'EURUSD' started.
2017-11-25 00:17:24:INFO: Signaler for active 'EURUSD' wait for pattern 'TEST'.
2017-11-25 00:17:24:INFO: Signaler for active 'EURUSD' wait for pattern 'TBH'.
2017-11-25 00:23:04:INFO: Create signaler for active 'EURUSD-OTC'.
2017-11-25 00:23:04:INFO: Signaler for active 'EURUSD-OTC' started.
2017-11-25 00:23:04:INFO: Signaler for active 'EURUSD-OTC' wait for pattern 'TEST'.
2017-11-25 00:23:04:INFO: Signaler for active 'EURUSD-OTC' wait for pattern 'TBH'.
2017-11-25 00:23:04:INFO: Create signaler for active 'EURUSD'.
2017-11-25 00:23:04:INFO: Signaler for active 'EURUSD' started.
2017-11-25 00:23:04:INFO: Signaler for active 'EURUSD' wait for pattern 'TEST'.
2017-11-25 00:23:04:INFO: Signaler for active 'EURUSD' wait for pattern 'TBH'.
2017-11-25 00:23:15:INFO: Signaler for active 'EURUSD-OTC' recived pattern 'TEST' in direction 'call'.
2017-11-25 00:23:16:INFO: Signaler for active 'EURUSD' recived pattern 'TEST' in direction 'call'.
2017-11-25 00:24:15:INFO: Signaler for active 'EURUSD-OTC' recived pattern 'TEST' in direction 'call'.
2017-11-25 00:26:26:INFO: Create signaler for active 'EURUSD-OTC'.
2017-11-25 00:26:26:INFO: Signaler for active 'EURUSD-OTC' started.
2017-11-25 00:26:26:INFO: Signaler for active 'EURUSD-OTC' wait for pattern 'TEST'.
2017-11-25 00:26:26:INFO: Signaler for active 'EURUSD-OTC' wait for pattern 'TBH'.
2017-11-25 00:26:26:INFO: Create signaler for active 'EURUSD'.
2017-11-25 00:26:26:INFO: Signaler for active 'EURUSD' started.
2017-11-25 00:26:26:INFO: Signaler for active 'EURUSD' wait for pattern 'TEST'.
2017-11-25 00:26:26:INFO: Signaler for active 'EURUSD' wait for pattern 'TBH'.
2017-11-25 00:27:29:INFO: Create signaler for active 'EURUSD-OTC'.
2017-11-25 00:27:29:INFO: Signaler for active 'EURUSD-OTC' started.
2017-11-25 00:27:29:INFO: Signaler for active 'EURUSD-OTC' wait for pattern 'TEST'.
2017-11-25 00:27:29:INFO: Signaler for active 'EURUSD-OTC' wait for pattern 'TBH'.
2017-11-25 00:27:29:INFO: Create signaler for active 'EURUSD'.
2017-11-25 00:27:29:INFO: Signaler for active 'EURUSD' started.
2017-11-25 00:27:29:INFO: Signaler for active 'EURUSD' wait for pattern 'TEST'.
2017-11-25 00:27:29:INFO: Signaler for active 'EURUSD' wait for pattern 'TBH'.
2017-11-25 00:27:47:INFO: Create signaler for active 'EURUSD-OTC'.
2017-11-25 00:27:47:INFO: Signaler for active 'EURUSD-OTC' started.
2017-11-25 00:27:47:INFO: Signaler for active 'EURUSD-OTC' wait for pattern 'TEST'.
2017-11-25 00:27:47:INFO: Signaler for active 'EURUSD-OTC' wait for pattern 'TBH'.
2017-11-25 00:27:47:INFO: Create signaler for active 'EURUSD'.
2017-11-25 00:27:47:INFO: Signaler for active 'EURUSD' started.
2017-11-25 00:27:47:INFO: Signaler for active 'EURUSD' wait for pattern 'TEST'.
2017-11-25 00:27:47:INFO: Signaler for active 'EURUSD' wait for pattern 'TBH'.
2017-11-25 00:29:54:INFO: Create signaler for active 'EURUSD-OTC'.
2017-11-25 00:29:54:INFO: Signaler for active 'EURUSD-OTC' started.
2017-11-25 00:29:54:INFO: Signaler for active 'EURUSD-OTC' wait for pattern 'TEST'.
2017-11-25 00:29:54:INFO: Signaler for active 'EURUSD-OTC' wait for pattern 'TBH'.
2017-11-25 00:29:54:INFO: Create signaler for active 'EURUSD'.
2017-11-25 00:29:54:INFO: Signaler for active 'EURUSD' started.
2017-11-25 00:29:54:INFO: Signaler for active 'EURUSD' wait for pattern 'TEST'.
2017-11-25 00:29:54:INFO: Signaler for active 'EURUSD' wait for pattern 'TBH'.
2017-11-25 00:30:15:INFO: Signaler for active 'EURUSD' recived pattern 'TEST' in direction 'put'.
2017-11-25 00:30:51:INFO: Create signaler for active 'EURUSD-OTC'.
2017-11-25 00:30:51:INFO: Signaler for active 'EURUSD-OTC' started.
2017-11-25 00:30:51:INFO: Signaler for active 'EURUSD-OTC' wait for pattern 'TEST'.
2017-11-25 00:30:51:INFO: Signaler for active 'EURUSD-OTC' wait for pattern 'TBH'.
2017-11-25 00:30:51:INFO: Create signaler for active 'EURUSD'.
2017-11-25 00:30:51:INFO: Signaler for active 'EURUSD' started.
2017-11-25 00:30:51:INFO: Signaler for active 'EURUSD' wait for pattern 'TEST'.
2017-11-25 00:30:51:INFO: Signaler for active 'EURUSD' wait for pattern 'TBH'.
2017-11-25 00:31:16:INFO: Signaler for active 'EURUSD' recived pattern 'TEST' in direction 'call'.
2017-11-25 00:32:32:INFO: Create signaler for active 'EURUSD-OTC'.
2017-11-25 00:32:32:INFO: Signaler for active 'EURUSD-OTC' started.
2017-11-25 00:32:32:INFO: Signaler for active 'EURUSD-OTC' wait for pattern 'TEST'.
2017-11-25 00:32:32:INFO: Signaler for active 'EURUSD-OTC' wait for pattern 'TBH'.
2017-11-25 00:32:32:INFO: Create signaler for active 'EURUSD'.
2017-11-25 00:32:32:INFO: Signaler for active 'EURUSD' started.
2017-11-25 00:32:32:INFO: Signaler for active 'EURUSD' wait for pattern 'TEST'.
2017-11-25 00:32:32:INFO: Signaler for active 'EURUSD' wait for pattern 'TBH'.
2017-11-25 00:34:15:INFO: Signaler for active 'EURUSD' recived pattern 'TEST' in direction 'call'.
2017-11-25 00:38:42:INFO: Create signaler for active 'EURUSD-OTC'.
2017-11-25 00:38:42:INFO: Signaler for active 'EURUSD-OTC' started.
2017-11-25 00:38:42:INFO: Signaler for active 'EURUSD-OTC' wait for pattern 'TEST'.
2017-11-25 00:38:42:INFO: Signaler for active 'EURUSD-OTC' wait for pattern 'TBH'.
2017-11-25 00:38:42:INFO: Create signaler for active 'EURUSD'.
2017-11-25 00:38:42:INFO: Signaler for active 'EURUSD' started.
2017-11-25 00:38:42:INFO: Signaler for active 'EURUSD' wait for pattern 'TEST'.
2017-11-25 00:38:42:INFO: Signaler for active 'EURUSD' wait for pattern 'TBH'.
2017-11-25 00:40:56:INFO: Create signaler for active 'EURUSD-OTC'.
2017-11-25 00:40:56:INFO: Signaler for active 'EURUSD-OTC' started.
2017-11-25 00:40:56:INFO: Signaler for active 'EURUSD-OTC' wait for pattern 'TEST'.
2017-11-25 00:40:56:INFO: Signaler for active 'EURUSD-OTC' wait for pattern 'TBH'.
2017-11-25 00:40:56:INFO: Create signaler for active 'EURUSD'.
2017-11-25 00:40:56:INFO: Signaler for active 'EURUSD' started.
2017-11-25 00:40:56:INFO: Signaler for active 'EURUSD' wait for pattern 'TEST'.
2017-11-25 00:40:56:INFO: Signaler for active 'EURUSD' wait for pattern 'TBH'.
2017-11-25 00:41:16:INFO: Signaler for active 'EURUSD' recived pattern 'TEST' in direction 'call'.
2017-11-25 00:42:05:INFO: Create signaler for active 'EURUSD-OTC'.
2017-11-25 00:42:05:INFO: Signaler for active 'EURUSD-OTC' started.
2017-11-25 00:42:05:INFO: Signaler for active 'EURUSD-OTC' wait for pattern 'TEST'.
2017-11-25 00:42:05:INFO: Signaler for active 'EURUSD-OTC' wait for pattern 'TBH'.
2017-11-25 00:42:05:INFO: Create signaler for active 'EURUSD'.
2017-11-25 00:42:05:INFO: Signaler for active 'EURUSD' started.
2017-11-25 00:42:05:INFO: Signaler for active 'EURUSD' wait for pattern 'TEST'.
2017-11-25 00:42:05:INFO: Signaler for active 'EURUSD' wait for pattern 'TBH'.
2017-11-25 00:42:45:INFO: Create signaler for active 'EURUSD-OTC'.
2017-11-25 00:42:45:INFO: Signaler for active 'EURUSD-OTC' started.
2017-11-25 00:42:45:INFO: Signaler for active 'EURUSD-OTC' wait for pattern 'TEST'.
2017-11-25 00:42:45:INFO: Signaler for active 'EURUSD-OTC' wait for pattern 'TBH'.
2017-11-25 00:42:45:INFO: Create signaler for active 'EURUSD'.
2017-11-25 00:42:45:INFO: Signaler for active 'EURUSD' started.
2017-11-25 00:42:45:INFO: Signaler for active 'EURUSD' wait for pattern 'TEST'.
2017-11-25 00:42:45:INFO: Signaler for active 'EURUSD' wait for pattern 'TBH'.
2017-11-25 00:44:35:INFO: Create signaler for active 'EURUSD-OTC'.
2017-11-25 00:44:35:INFO: Signaler for active 'EURUSD-OTC' started.
2017-11-25 00:44:35:INFO: Signaler for active 'EURUSD-OTC' wait for pattern 'TEST'.
2017-11-25 00:44:35:INFO: Signaler for active 'EURUSD-OTC' wait for pattern 'TBH'.
2017-11-25 00:44:35:INFO: Create signaler for active 'EURUSD'.
2017-11-25 00:44:35:INFO: Signaler for active 'EURUSD' started.
2017-11-25 00:44:35:INFO: Signaler for active 'EURUSD' wait for pattern 'TEST'.
2017-11-25 00:44:35:INFO: Signaler for active 'EURUSD' wait for pattern 'TBH'.
2017-11-25 01:14:39:INFO: Create signaler for active 'EURUSD-OTC'.
2017-11-25 01:14:39:INFO: Signaler for active 'EURUSD-OTC' started.
2017-11-25 01:14:39:INFO: Signaler for active 'EURUSD-OTC' wait for pattern 'TEST'.
2017-11-25 01:14:39:INFO: Signaler for active 'EURUSD-OTC' wait for pattern 'TBH'.
2017-11-25 01:14:39:INFO: Create signaler for active 'EURUSD'.
2017-11-25 01:14:39:INFO: Signaler for active 'EURUSD' started.
2017-11-25 01:14:39:INFO: Signaler for active 'EURUSD' wait for pattern 'TEST'.
2017-11-25 01:14:39:INFO: Signaler for active 'EURUSD' wait for pattern 'TBH'.
2017-11-25 01:15:58:INFO: Create signaler for active 'EURUSD-OTC'.
2017-11-25 01:15:58:INFO: Signaler for active 'EURUSD-OTC' started.
2017-11-25 01:15:58:INFO: Signaler for active 'EURUSD-OTC' wait for pattern 'TEST'.
2017-11-25 01:15:58:INFO: Signaler for active 'EURUSD-OTC' wait for pattern 'TBH'.
2017-11-25 01:15:58:INFO: Create signaler for active 'EURUSD'.
2017-11-25 01:15:58:INFO: Signaler for active 'EURUSD' started.
2017-11-25 01:15:58:INFO: Signaler for active 'EURUSD' wait for pattern 'TEST'.
2017-11-25 01:15:58:INFO: Signaler for active 'EURUSD' wait for pattern 'TBH'.
2017-11-25 01:17:16:INFO: Create signaler for active 'EURUSD-OTC'.
2017-11-25 01:17:16:INFO: Signaler for active 'EURUSD-OTC' started.
2017-11-25 01:17:16:INFO: Signaler for active 'EURUSD-OTC' wait for pattern 'TEST'.
2017-11-25 01:17:16:INFO: Signaler for active 'EURUSD-OTC' wait for pattern 'TBH'.
2017-11-25 01:17:16:INFO: Create signaler for active 'EURUSD'.
2017-11-25 01:17:16:INFO: Signaler for active 'EURUSD' started.
2017-11-25 01:17:16:INFO: Signaler for active 'EURUSD' wait for pattern 'TEST'.
2017-11-25 01:17:16:INFO: Signaler for active 'EURUSD' wait for pattern 'TBH'.
2017-11-25 01:18:32:INFO: Create signaler for active 'EURUSD-OTC'.
2017-11-25 01:18:32:INFO: Signaler for active 'EURUSD-OTC' started.
2017-11-25 01:18:32:INFO: Signaler for active 'EURUSD-OTC' wait for pattern 'TEST'.
2017-11-25 01:18:32:INFO: Create signaler for active 'EURUSD'.
2017-11-25 01:18:32:INFO: Signaler for active 'EURUSD' started.
2017-11-25 01:18:32:INFO: Signaler for active 'EURUSD' wait for pattern 'TEST'.
2017-11-25 01:19:52:INFO: Create signaler for active 'EURUSD-OTC'.
2017-11-25 01:19:52:INFO: Signaler for active 'EURUSD-OTC' started.
2017-11-25 01:19:52:INFO: Signaler for active 'EURUSD-OTC' wait for pattern 'TEST'.
2017-11-25 01:19:52:INFO: Signaler for active 'EURUSD-OTC' wait for pattern 'TBH'.
2017-11-25 01:19:52:INFO: Create signaler for active 'EURUSD'.
2017-11-25 01:19:52:INFO: Signaler for active 'EURUSD' started.
2017-11-25 01:19:52:INFO: Signaler for active 'EURUSD' wait for pattern 'TEST'.
2017-11-25 01:19:52:INFO: Signaler for active 'EURUSD' wait for pattern 'TBH'.
2017-11-25 01:19:52:INFO: Signaler for active 'EURUSD-OTC' recived pattern 'TEST' in direction 'call'.
2017-11-25 01:19:55:INFO: Signaler for active 'EURUSD' recived pattern 'TEST' in direction 'call'.
2017-11-25 01:19:58:INFO: Signaler for active 'EURUSD-OTC' recived pattern 'TEST' in direction 'call'.
2017-11-25 01:20:01:INFO: Signaler for active 'EURUSD' recived pattern 'TEST' in direction 'call'.
2017-11-25 01:21:41:INFO: Create signaler for active 'EURUSD'.
2017-11-25 01:21:41:INFO: Signaler for active 'EURUSD' started.
2017-11-25 01:21:41:INFO: Signaler for active 'EURUSD' wait for pattern 'TEST'.
2017-11-25 01:21:41:INFO: Signaler for active 'EURUSD' wait for pattern 'TBH'.
2017-11-25 01:21:41:INFO: Signaler for active 'EURUSD' recived pattern 'TEST' in direction 'call'.
2017-11-25 01:21:44:INFO: Signaler for active 'EURUSD' recived pattern 'TEST' in direction 'call'.
2017-11-25 01:21:47:INFO: Signaler for active 'EURUSD' recived pattern 'TEST' in direction 'call'.
2017-11-25 01:24:54:INFO: Create signaler for active 'EURUSD-OTC'.
2017-11-25 01:24:54:INFO: Signaler for active 'EURUSD-OTC' started.
2017-11-25 01:24:54:INFO: Signaler for active 'EURUSD-OTC' wait for pattern 'TEST'.
2017-11-25 01:24:54:INFO: Signaler for active 'EURUSD-OTC' wait for pattern 'TBH'.
2017-11-25 01:24:54:INFO: Create signaler for active 'EURUSD'.
2017-11-25 01:24:54:INFO: Signaler for active 'EURUSD' started.
2017-11-25 01:24:54:INFO: Signaler for active 'EURUSD' wait for pattern 'TEST'.
2017-11-25 01:24:54:INFO: Signaler for active 'EURUSD' wait for pattern 'TBH'.
2017-11-25 01:24:54:INFO: Signaler for active 'EURUSD-OTC' recived pattern 'TEST' in direction 'call'.
2017-11-25 01:24:57:INFO: Signaler for active 'EURUSD' recived pattern 'TEST' in direction 'call'.
2017-11-25 01:25:00:INFO: Signaler for active 'EURUSD-OTC' recived pattern 'TEST' in direction 'call'.
2017-11-25 01:28:20:INFO: Create signaler for active 'EURUSD-OTC'.
2017-11-25 01:28:41:INFO: Create signaler for active 'EURUSD-OTC'.
2017-11-25 01:28:41:INFO: Signaler for active 'EURUSD-OTC' started.
2017-11-25 01:28:41:INFO: Signaler for active 'EURUSD-OTC' wait for pattern 'DBLHC'.
2017-11-25 01:28:41:INFO: Signaler for active 'EURUSD-OTC' wait for pattern 'TEST'.
2017-11-25 01:28:41:INFO: Signaler for active 'EURUSD-OTC' wait for pattern 'TBH'.
2017-11-25 01:28:41:INFO: Create signaler for active 'EURUSD'.
2017-11-25 01:28:41:INFO: Signaler for active 'EURUSD' started.
2017-11-25 01:28:41:INFO: Signaler for active 'EURUSD' wait for pattern 'DBLHC'.
2017-11-25 01:28:41:INFO: Signaler for active 'EURUSD' wait for pattern 'TEST'.
2017-11-25 01:28:41:INFO: Signaler for active 'EURUSD' wait for pattern 'TBH'.
2017-11-25 01:29:50:INFO: Create signaler for active 'EURUSD-OTC'.
2017-11-25 01:29:50:INFO: Signaler for active 'EURUSD-OTC' started.
2017-11-25 01:29:50:INFO: Signaler for active 'EURUSD-OTC' wait for pattern 'TEST'.
2017-11-25 01:29:50:INFO: Signaler for active 'EURUSD-OTC' wait for pattern 'TBH'.
2017-11-25 01:29:50:INFO: Create signaler for active 'EURUSD'.
2017-11-25 01:29:50:INFO: Signaler for active 'EURUSD' started.
2017-11-25 01:29:50:INFO: Signaler for active 'EURUSD' wait for pattern 'TEST'.
2017-11-25 01:29:50:INFO: Signaler for active 'EURUSD' wait for pattern 'TBH'.
2017-11-25 01:29:50:INFO: Signaler for active 'EURUSD-OTC' recived pattern 'TEST' in direction 'put'.
2017-11-25 01:29:53:INFO: Signaler for active 'EURUSD' recived pattern 'TEST' in direction 'put'.
2017-11-25 01:29:56:INFO: Signaler for active 'EURUSD-OTC' recived pattern 'TEST' in direction 'put'.
2017-11-25 01:29:59:INFO: Signaler for active 'EURUSD' recived pattern 'TEST' in direction 'put'.
2017-11-25 01:30:02:INFO: Signaler for active 'EURUSD-OTC' recived pattern 'TEST' in direction 'put'.
2017-11-25 01:30:05:INFO: Signaler for active 'EURUSD' recived pattern 'TEST' in direction 'put'.
2017-11-25 01:30:08:INFO: Signaler for active 'EURUSD-OTC' recived pattern 'TEST' in direction 'put'.
2017-11-25 01:30:11:INFO: Signaler for active 'EURUSD' recived pattern 'TEST' in direction 'put'.
2017-11-25 01:30:14:INFO: Signaler for active 'EURUSD-OTC' recived pattern 'TEST' in direction 'put'.
2017-11-25 01:30:17:INFO: Signaler for active 'EURUSD' recived pattern 'TEST' in direction 'put'.
2017-11-25 01:30:20:INFO: Signaler for active 'EURUSD-OTC' recived pattern 'TEST' in direction 'put'.
2017-11-25 01:30:23:INFO: Signaler for active 'EURUSD' recived pattern 'TEST' in direction 'put'.
2017-11-25 01:30:26:INFO: Signaler for active 'EURUSD-OTC' recived pattern 'TEST' in direction 'put'.
2017-11-25 01:30:29:INFO: Signaler for active 'EURUSD' recived pattern 'TEST' in direction 'put'.
2017-11-25 01:56:26:INFO: Create signaler for active 'EURUSD'.
2017-11-25 01:56:26:INFO: Signaler for active 'EURUSD' started.
2017-11-25 01:56:26:INFO: Signaler for active 'EURUSD' wait for pattern 'TEST'.
2017-11-25 01:56:26:INFO: Signaler for active 'EURUSD' wait for pattern 'TBH'.
2017-11-25 01:56:26:INFO: Signaler for active 'EURUSD' recived pattern 'TEST' in direction 'put'.
2017-11-25 01:56:29:INFO: Signaler for active 'EURUSD' recived pattern 'TEST' in direction 'put'.
2017-11-25 01:56:32:INFO: Signaler for active 'EURUSD' recived pattern 'TEST' in direction 'put'.
2017-11-25 01:56:35:INFO: Signaler for active 'EURUSD' recived pattern 'TEST' in direction 'put'.
2017-11-25 01:56:38:INFO: Signaler for active 'EURUSD' recived pattern 'TEST' in direction 'put'.
2017-11-25 01:56:41:INFO: Signaler for active 'EURUSD' recived pattern 'TEST' in direction 'put'.
2017-11-25 01:56:44:INFO: Signaler for active 'EURUSD' recived pattern 'TEST' in direction 'put'.
2017-11-25 01:56:47:INFO: Signaler for active 'EURUSD' recived pattern 'TEST' in direction 'put'.
2017-11-25 01:56:50:INFO: Signaler for active 'EURUSD' recived pattern 'TEST' in direction 'put'.
2017-11-25 01:56:53:INFO: Signaler for active 'EURUSD' recived pattern 'TEST' in direction 'put'.
2017-11-25 01:56:56:INFO: Signaler for active 'EURUSD' recived pattern 'TEST' in direction 'put'.
2017-11-25 01:56:59:INFO: Signaler for active 'EURUSD' recived pattern 'TEST' in direction 'put'.
2017-11-25 01:57:02:INFO: Signaler for active 'EURUSD' recived pattern 'TEST' in direction 'put'.
2017-11-25 01:57:05:INFO: Signaler for active 'EURUSD' recived pattern 'TEST' in direction 'put'.
2017-11-25 01:57:08:INFO: Signaler for active 'EURUSD' recived pattern 'TEST' in direction 'put'.
2017-11-25 01:57:11:INFO: Signaler for active 'EURUSD' recived pattern 'TEST' in direction 'put'.
2017-11-25 01:57:14:INFO: Signaler for active 'EURUSD' recived pattern 'TEST' in direction 'put'.
2017-11-25 01:57:17:INFO: Signaler for active 'EURUSD' recived pattern 'TEST' in direction 'put'.
2017-11-25 01:57:20:INFO: Signaler for active 'EURUSD' recived pattern 'TEST' in direction 'put'.
2017-11-25 01:57:23:INFO: Signaler for active 'EURUSD' recived pattern 'TEST' in direction 'put'.
2017-11-25 01:57:26:INFO: Signaler for active 'EURUSD' recived pattern 'TEST' in direction 'put'.
2017-11-25 01:57:29:INFO: Signaler for active 'EURUSD' recived pattern 'TEST' in direction 'put'.
2017-11-25 01:57:32:INFO: Signaler for active 'EURUSD' recived pattern 'TEST' in direction 'put'.
2017-11-25 01:57:35:INFO: Signaler for active 'EURUSD' recived pattern 'TEST' in direction 'put'.
2017-11-25 01:57:38:INFO: Signaler for active 'EURUSD' recived pattern 'TEST' in direction 'put'.
2017-11-25 01:57:41:INFO: Signaler for active 'EURUSD' recived pattern 'TEST' in direction 'put'.
2017-11-25 01:57:44:INFO: Signaler for active 'EURUSD' recived pattern 'TEST' in direction 'put'.
2017-11-25 01:57:47:INFO: Signaler for active 'EURUSD' recived pattern 'TEST' in direction 'put'.
2017-11-25 01:57:50:INFO: Signaler for active 'EURUSD' recived pattern 'TEST' in direction 'put'.
2017-11-25 01:57:53:INFO: Signaler for active 'EURUSD' recived pattern 'TEST' in direction 'put'.
2017-11-25 01:57:56:INFO: Signaler for active 'EURUSD' recived pattern 'TEST' in direction 'put'.
2017-11-25 01:57:59:INFO: Signaler for active 'EURUSD' recived pattern 'TEST' in direction 'put'.
2017-11-25 01:58:03:INFO: Signaler for active 'EURUSD' recived pattern 'TEST' in direction 'put'.
2017-11-25 01:58:06:INFO: Signaler for active 'EURUSD' recived pattern 'TEST' in direction 'put'.
2017-11-25 01:58:43:INFO: Create signaler for active 'EURUSD'.
2017-11-25 01:58:43:INFO: Signaler for active 'EURUSD' started.
2017-11-25 01:58:43:INFO: Signaler for active 'EURUSD' wait for pattern 'TEST'.
2017-11-25 01:58:43:INFO: Signaler for active 'EURUSD' wait for pattern 'TBH'.
2017-11-25 01:59:00:INFO: Signaler for active 'EURUSD' recived pattern 'TEST' in direction 'call'.
2017-11-25 02:00:31:INFO: Create signaler for active 'EURUSD'.
2017-11-25 02:00:31:INFO: Signaler for active 'EURUSD' started.
2017-11-25 02:00:31:INFO: Signaler for active 'EURUSD' wait for pattern 'TEST'.
2017-11-25 02:00:31:INFO: Signaler for active 'EURUSD' wait for pattern 'TBH'.
2017-11-25 02:01:01:INFO: Signaler for active 'EURUSD' recived pattern 'TEST' in direction 'call'.
2017-11-25 02:02:14:INFO: Create signaler for active 'EURUSD'.
2017-11-25 02:02:14:INFO: Signaler for active 'EURUSD' started.
2017-11-25 02:02:14:INFO: Signaler for active 'EURUSD' wait for pattern 'TEST'.
2017-11-25 02:02:14:INFO: Signaler for active 'EURUSD' wait for pattern 'TBH'.
2017-11-25 02:03:00:INFO: Signaler for active 'EURUSD' recived pattern 'TEST' in direction 'call'.
2017-11-25 02:04:00:INFO: Signaler for active 'EURUSD' recived pattern 'TEST' in direction 'call'.
2017-11-25 02:12:23:INFO: Create signaler for active 'EURUSD'.
2017-11-25 02:12:23:INFO: Signaler for active 'EURUSD' started.
2017-11-25 02:12:23:INFO: Signaler for active 'EURUSD' wait for pattern 'TEST'.
2017-11-25 02:12:23:INFO: Signaler for active 'EURUSD' wait for pattern 'TBH'.
2017-11-25 02:16:05:INFO: Create signaler for active 'EURUSD'.
2017-11-25 02:16:05:INFO: Signaler for active 'EURUSD' started.
2017-11-25 02:16:05:INFO: Signaler for active 'EURUSD' wait for pattern 'TEST'.
2017-11-25 02:16:05:INFO: Signaler for active 'EURUSD' wait for pattern 'TBH'.
2017-11-25 02:17:48:INFO: Create signaler for active 'EURUSD'.
2017-11-25 02:17:48:INFO: Signaler for active 'EURUSD' started.
2017-11-25 02:17:48:INFO: Signaler for active 'EURUSD' wait for pattern 'TEST'.
2017-11-25 02:17:48:INFO: Signaler for active 'EURUSD' wait for pattern 'TBH'.
2017-11-25 02:19:43:INFO: Create signaler for active 'EURUSD'.
2017-11-25 02:19:43:INFO: Signaler for active 'EURUSD' started.
2017-11-25 02:19:43:INFO: Signaler for active 'EURUSD' wait for pattern 'TEST'.
2017-11-25 02:19:43:INFO: Signaler for active 'EURUSD' wait for pattern 'TBH'.
2017-11-25 02:20:52:INFO: Create signaler for active 'EURUSD'.
2017-11-25 02:20:52:INFO: Signaler for active 'EURUSD' started.
2017-11-25 02:20:52:INFO: Signaler for active 'EURUSD' wait for pattern 'TEST'.
2017-11-25 02:20:52:INFO: Signaler for active 'EURUSD' wait for pattern 'TBH'.
2017-11-25 02:21:32:INFO: Create signaler for active 'EURUSD'.
2017-11-25 02:21:32:INFO: Signaler for active 'EURUSD' started.
2017-11-25 02:21:32:INFO: Signaler for active 'EURUSD' wait for pattern 'TEST'.
2017-11-25 02:21:32:INFO: Signaler for active 'EURUSD' wait for pattern 'TBH'.
2017-11-25 02:23:28:INFO: Create signaler for active 'EURUSD'.
2017-11-25 02:23:28:INFO: Signaler for active 'EURUSD' started.
2017-11-25 02:23:28:INFO: Signaler for active 'EURUSD' wait for pattern 'TEST'.
2017-11-25 02:23:28:INFO: Signaler for active 'EURUSD' wait for pattern 'TBH'.
2017-11-25 02:24:31:INFO: Create signaler for active 'EURUSD'.
2017-11-25 02:24:31:INFO: Signaler for active 'EURUSD' started.
2017-11-25 02:24:31:INFO: Signaler for active 'EURUSD' wait for pattern 'TEST'.
2017-11-25 02:24:31:INFO: Signaler for active 'EURUSD' wait for pattern 'TBH'.
2017-11-25 02:26:17:INFO: Create signaler for active 'EURUSD'.
2017-11-25 02:26:17:INFO: Signaler for active 'EURUSD' started.
2017-11-25 02:26:17:INFO: Signaler for active 'EURUSD' wait for pattern 'TEST'.
2017-11-25 02:26:17:INFO: Signaler for active 'EURUSD' wait for pattern 'TBH'.
2017-11-25 02:26:24:INFO: Create signaler for active 'EURUSD'.
2017-11-25 02:26:24:INFO: Signaler for active 'EURUSD' started.
2017-11-25 02:26:24:INFO: Signaler for active 'EURUSD' wait for pattern 'TEST'.
2017-11-25 02:26:24:INFO: Signaler for active 'EURUSD' wait for pattern 'TBH'.
2017-11-25 02:29:03:INFO: Create signaler for active 'EURUSD'.
2017-11-25 02:29:03:INFO: Signaler for active 'EURUSD' started.
2017-11-25 02:29:03:INFO: Signaler for active 'EURUSD' wait for pattern 'TEST'.
2017-11-25 02:29:03:INFO: Signaler for active 'EURUSD' wait for pattern 'TBH'.
2017-11-25 02:29:03:INFO: Signaler for active 'EURUSD' recived pattern 'TEST' in direction 'call'.
2017-11-25 02:29:06:INFO: Signaler for active 'EURUSD' recived pattern 'TEST' in direction 'call'.
2017-11-25 02:29:09:INFO: Signaler for active 'EURUSD' recived pattern 'TEST' in direction 'call'.
2017-11-25 02:29:12:INFO: Signaler for active 'EURUSD' recived pattern 'TEST' in direction 'call'.
2017-11-25 02:29:15:INFO: Signaler for active 'EURUSD' recived pattern 'TEST' in direction 'call'.
2017-11-25 02:29:18:INFO: Signaler for active 'EURUSD' recived pattern 'TEST' in direction 'call'.
2017-11-25 02:29:21:INFO: Signaler for active 'EURUSD' recived pattern 'TEST' in direction 'call'.
2017-11-25 02:29:24:INFO: Signaler for active 'EURUSD' recived pattern 'TEST' in direction 'call'.
2017-11-25 02:29:27:INFO: Signaler for active 'EURUSD' recived pattern 'TEST' in direction 'call'.
2017-11-25 02:29:30:INFO: Signaler for active 'EURUSD' recived pattern 'TEST' in direction 'call'.
2017-11-25 02:29:33:INFO: Signaler for active 'EURUSD' recived pattern 'TEST' in direction 'call'.
2017-11-25 02:29:36:INFO: Signaler for active 'EURUSD' recived pattern 'TEST' in direction 'call'.
2017-11-25 02:29:39:INFO: Signaler for active 'EURUSD' recived pattern 'TEST' in direction 'call'.
2017-11-25 02:29:42:INFO: Signaler for active 'EURUSD' recived pattern 'TEST' in direction 'call'.
2017-11-25 02:29:45:INFO: Signaler for active 'EURUSD' recived pattern 'TEST' in direction 'call'.
2017-11-25 02:29:48:INFO: Signaler for active 'EURUSD' recived pattern 'TEST' in direction 'call'.
2017-11-25 02:29:51:INFO: Signaler for active 'EURUSD' recived pattern 'TEST' in direction 'call'.
2017-11-25 02:29:54:INFO: Signaler for active 'EURUSD' recived pattern 'TEST' in direction 'call'.
2017-11-25 02:29:57:INFO: Signaler for active 'EURUSD' recived pattern 'TEST' in direction 'call'.
2017-11-25 02:30:28:INFO: Signaler for active 'EURUSD' recived pattern 'TEST' in direction 'call'.
2017-11-25 02:30:31:INFO: Signaler for active 'EURUSD' recived pattern 'TEST' in direction 'call'.
2017-11-25 02:30:41:INFO: Signaler for active 'EURUSD' recived pattern 'TEST' in direction 'call'.
2017-11-25 02:30:44:INFO: Signaler for active 'EURUSD' recived pattern 'TEST' in direction 'call'.
2017-11-25 02:30:47:INFO: Signaler for active 'EURUSD' recived pattern 'TEST' in direction 'call'.
2017-11-25 02:30:50:INFO: Signaler for active 'EURUSD' recived pattern 'TEST' in direction 'call'.
2017-11-25 02:30:53:INFO: Signaler for active 'EURUSD' recived pattern 'TEST' in direction 'call'.
2017-11-25 02:30:57:INFO: Signaler for active 'EURUSD' recived pattern 'TEST' in direction 'call'.
2017-11-25 02:31:00:INFO: Signaler for active 'EURUSD' recived pattern 'TEST' in direction 'call'.
2017-11-25 02:31:03:INFO: Signaler for active 'EURUSD' recived pattern 'TEST' in direction 'call'.
2017-11-25 02:31:12:INFO: Signaler for active 'EURUSD' recived pattern 'TEST' in direction 'call'.
2017-11-25 02:31:15:INFO: Signaler for active 'EURUSD' recived pattern 'TEST' in direction 'call'.
2017-11-25 02:31:18:INFO: Signaler for active 'EURUSD' recived pattern 'TEST' in direction 'call'.
2017-11-25 02:31:21:INFO: Signaler for active 'EURUSD' recived pattern 'TEST' in direction 'call'.
2017-11-25 02:31:24:INFO: Signaler for active 'EURUSD' recived pattern 'TEST' in direction 'call'.
2017-11-25 02:31:27:INFO: Signaler for active 'EURUSD' recived pattern 'TEST' in direction 'call'.
2017-11-25 02:31:40:INFO: Signaler for active 'EURUSD' recived pattern 'TEST' in direction 'call'.
2017-11-25 02:31:43:INFO: Signaler for active 'EURUSD' recived pattern 'TEST' in direction 'call'.
2017-11-25 02:31:46:INFO: Signaler for active 'EURUSD' recived pattern 'TEST' in direction 'call'.
2017-11-25 02:31:49:INFO: Signaler for active 'EURUSD' recived pattern 'TEST' in direction 'call'.
2017-11-25 02:31:52:INFO: Signaler for active 'EURUSD' recived pattern 'TEST' in direction 'call'.
2017-11-25 02:31:55:INFO: Signaler for active 'EURUSD' recived pattern 'TEST' in direction 'call'.
2017-11-25 02:31:58:INFO: Signaler for active 'EURUSD' recived pattern 'TEST' in direction 'call'.
2017-11-25 02:32:01:INFO: Signaler for active 'EURUSD' recived pattern 'TEST' in direction 'call'.
2017-11-25 02:32:04:INFO: Signaler for active 'EURUSD' recived pattern 'TEST' in direction 'call'.
2017-11-25 02:32:50:INFO: Signaler for active 'EURUSD' recived pattern 'TEST' in direction 'call'.
2017-11-25 02:32:53:INFO: Signaler for active 'EURUSD' recived pattern 'TEST' in direction 'call'.
2017-11-25 02:32:56:INFO: Signaler for active 'EURUSD' recived pattern 'TEST' in direction 'call'.
2017-11-25 02:32:59:INFO: Signaler for active 'EURUSD' recived pattern 'TEST' in direction 'call'.
2017-11-25 02:33:02:INFO: Signaler for active 'EURUSD' recived pattern 'TEST' in direction 'call'.
2017-11-25 02:33:05:INFO: Signaler for active 'EURUSD' recived pattern 'TEST' in direction 'call'.
2017-11-25 02:33:08:INFO: Signaler for active 'EURUSD' recived pattern 'TEST' in direction 'call'.
2017-11-25 02:33:11:INFO: Signaler for active 'EURUSD' recived pattern 'TEST' in direction 'call'.
2017-11-25 02:33:14:INFO: Signaler for active 'EURUSD' recived pattern 'TEST' in direction 'call'.
2017-11-25 02:33:17:INFO: Signaler for active 'EURUSD' recived pattern 'TEST' in direction 'call'.
2017-11-25 02:33:20:INFO: Signaler for active 'EURUSD' recived pattern 'TEST' in direction 'call'.
2017-11-25 02:33:23:INFO: Signaler for active 'EURUSD' recived pattern 'TEST' in direction 'call'.
2017-11-25 02:33:26:INFO: Signaler for active 'EURUSD' recived pattern 'TEST' in direction 'call'.
2017-11-25 02:33:29:INFO: Signaler for active 'EURUSD' recived pattern 'TEST' in direction 'call'.
2017-11-25 02:33:32:INFO: Signaler for active 'EURUSD' recived pattern 'TEST' in direction 'call'.
2017-11-25 02:33:35:INFO: Signaler for active 'EURUSD' recived pattern 'TEST' in direction 'call'.
2017-11-25 02:33:39:INFO: Signaler for active 'EURUSD' recived pattern 'TEST' in direction 'call'.
2017-11-25 02:33:42:INFO: Signaler for active 'EURUSD' recived pattern 'TEST' in direction 'call'.
2017-11-25 02:33:45:INFO: Signaler for active 'EURUSD' recived pattern 'TEST' in direction 'call'.
2017-11-25 02:33:48:INFO: Signaler for active 'EURUSD' recived pattern 'TEST' in direction 'call'.
2017-11-25 02:33:51:INFO: Signaler for active 'EURUSD' recived pattern 'TEST' in direction 'call'.
2017-11-25 02:33:54:INFO: Signaler for active 'EURUSD' recived pattern 'TEST' in direction 'call'.
2017-11-25 02:33:57:INFO: Signaler for active 'EURUSD' recived pattern 'TEST' in direction 'call'.
2017-11-25 02:34:00:INFO: Signaler for active 'EURUSD' recived pattern 'TEST' in direction 'call'.
2017-11-25 02:34:03:INFO: Signaler for active 'EURUSD' recived pattern 'TEST' in direction 'call'.
2017-11-25 02:34:06:INFO: Signaler for active 'EURUSD' recived pattern 'TEST' in direction 'call'.
2017-11-25 02:34:09:INFO: Signaler for active 'EURUSD' recived pattern 'TEST' in direction 'call'.
2017-11-25 02:34:12:INFO: Signaler for active 'EURUSD' recived pattern 'TEST' in direction 'call'.
2017-11-25 02:34:15:INFO: Signaler for active 'EURUSD' recived pattern 'TEST' in direction 'call'.
2017-11-25 02:34:18:INFO: Signaler for active 'EURUSD' recived pattern 'TEST' in direction 'call'.
2017-11-25 02:34:21:INFO: Signaler for active 'EURUSD' recived pattern 'TEST' in direction 'call'.
2017-11-25 02:34:24:INFO: Signaler for active 'EURUSD' recived pattern 'TEST' in direction 'call'.
2017-11-25 02:34:27:INFO: Signaler for active 'EURUSD' recived pattern 'TEST' in direction 'call'.
2017-11-25 02:34:30:INFO: Signaler for active 'EURUSD' recived pattern 'TEST' in direction 'call'.
2017-11-25 02:34:33:INFO: Signaler for active 'EURUSD' recived pattern 'TEST' in direction 'call'.
2017-11-25 02:34:36:INFO: Signaler for active 'EURUSD' recived pattern 'TEST' in direction 'call'.
2017-11-25 02:34:39:INFO: Signaler for active 'EURUSD' recived pattern 'TEST' in direction 'call'.
2017-11-25 02:34:42:INFO: Signaler for active 'EURUSD' recived pattern 'TEST' in direction 'call'.
2017-11-25 02:34:45:INFO: Signaler for active 'EURUSD' recived pattern 'TEST' in direction 'call'.
2017-11-25 02:34:48:INFO: Signaler for active 'EURUSD' recived pattern 'TEST' in direction 'call'.
2017-11-25 02:34:51:INFO: Signaler for active 'EURUSD' recived pattern 'TEST' in direction 'call'.
2017-11-25 02:34:54:INFO: Signaler for active 'EURUSD' recived pattern 'TEST' in direction 'call'.
2017-11-25 02:34:57:INFO: Signaler for active 'EURUSD' recived pattern 'TEST' in direction 'call'.
2017-11-25 02:35:00:INFO: Signaler for active 'EURUSD' recived pattern 'TEST' in direction 'call'.
2017-11-25 02:35:03:INFO: Signaler for active 'EURUSD' recived pattern 'TEST' in direction 'call'.
2017-11-25 02:35:06:INFO: Signaler for active 'EURUSD' recived pattern 'TEST' in direction 'call'.
2017-11-25 02:35:09:INFO: Signaler for active 'EURUSD' recived pattern 'TEST' in direction 'call'.
2017-11-25 02:35:12:INFO: Signaler for active 'EURUSD' recived pattern 'TEST' in direction 'call'.
2017-11-25 02:35:15:INFO: Signaler for active 'EURUSD' recived pattern 'TEST' in direction 'call'.
2017-11-25 02:35:18:INFO: Signaler for active 'EURUSD' recived pattern 'TEST' in direction 'call'.
2017-11-25 02:35:21:INFO: Signaler for active 'EURUSD' recived pattern 'TEST' in direction 'call'.
2017-11-25 02:35:24:INFO: Signaler for active 'EURUSD' recived pattern 'TEST' in direction 'call'.
2017-11-25 02:35:27:INFO: Signaler for active 'EURUSD' recived pattern 'TEST' in direction 'call'.
2017-11-25 02:35:30:INFO: Signaler for active 'EURUSD' recived pattern 'TEST' in direction 'call'.
2017-11-25 02:35:33:INFO: Signaler for active 'EURUSD' recived pattern 'TEST' in direction 'call'.
2017-11-25 02:35:36:INFO: Signaler for active 'EURUSD' recived pattern 'TEST' in direction 'call'.
2017-11-25 02:35:39:INFO: Signaler for active 'EURUSD' recived pattern 'TEST' in direction 'call'.
2017-11-25 02:35:42:INFO: Signaler for active 'EURUSD' recived pattern 'TEST' in direction 'call'.
2017-11-25 02:35:45:INFO: Signaler for active 'EURUSD' recived pattern 'TEST' in direction 'call'.
2017-11-25 02:35:48:INFO: Signaler for active 'EURUSD' recived pattern 'TEST' in direction 'call'.
2017-11-25 02:35:51:INFO: Signaler for active 'EURUSD' recived pattern 'TEST' in direction 'call'.
2017-11-25 02:35:54:INFO: Signaler for active 'EURUSD' recived pattern 'TEST' in direction 'call'.
2017-11-25 02:35:57:INFO: Signaler for active 'EURUSD' recived pattern 'TEST' in direction 'call'.
2017-11-25 02:36:00:INFO: Signaler for active 'EURUSD' recived pattern 'TEST' in direction 'call'.
2017-11-25 02:36:03:INFO: Signaler for active 'EURUSD' recived pattern 'TEST' in direction 'call'.
2017-11-25 02:36:06:INFO: Signaler for active 'EURUSD' recived pattern 'TEST' in direction 'call'.
2017-11-25 02:36:09:INFO: Signaler for active 'EURUSD' recived pattern 'TEST' in direction 'call'.
2017-11-25 02:36:13:INFO: Signaler for active 'EURUSD' recived pattern 'TEST' in direction 'call'.
2017-11-25 02:36:16:INFO: Signaler for active 'EURUSD' recived pattern 'TEST' in direction 'call'.
2017-11-25 02:36:19:INFO: Signaler for active 'EURUSD' recived pattern 'TEST' in direction 'call'.
2017-11-25 02:36:22:INFO: Signaler for active 'EURUSD' recived pattern 'TEST' in direction 'call'.
2017-11-25 02:36:25:INFO: Signaler for active 'EURUSD' recived pattern 'TEST' in direction 'call'.
2017-11-25 02:36:28:INFO: Signaler for active 'EURUSD' recived pattern 'TEST' in direction 'call'.
2017-11-25 02:36:31:INFO: Signaler for active 'EURUSD' recived pattern 'TEST' in direction 'call'.
2017-11-25 02:36:34:INFO: Signaler for active 'EURUSD' recived pattern 'TEST' in direction 'call'.
2017-11-25 02:36:37:INFO: Signaler for active 'EURUSD' recived pattern 'TEST' in direction 'call'.
2017-11-25 02:36:40:INFO: Signaler for active 'EURUSD' recived pattern 'TEST' in direction 'call'.
2017-11-25 02:36:43:INFO: Signaler for active 'EURUSD' recived pattern 'TEST' in direction 'call'.
2017-11-25 02:36:46:INFO: Signaler for active 'EURUSD' recived pattern 'TEST' in direction 'call'.
2017-11-25 02:36:49:INFO: Signaler for active 'EURUSD' recived pattern 'TEST' in direction 'call'.
2017-11-25 02:36:52:INFO: Signaler for active 'EURUSD' recived pattern 'TEST' in direction 'call'.
2017-11-25 02:36:55:INFO: Signaler for active 'EURUSD' recived pattern 'TEST' in direction 'call'.
2017-11-25 02:36:58:INFO: Signaler for active 'EURUSD' recived pattern 'TEST' in direction 'call'.
2017-11-25 02:37:01:INFO: Signaler for active 'EURUSD' recived pattern 'TEST' in direction 'call'.
2017-11-25 02:37:04:INFO: Signaler for active 'EURUSD' recived pattern 'TEST' in direction 'call'.
2017-11-25 02:37:07:INFO: Signaler for active 'EURUSD' recived pattern 'TEST' in direction 'call'.
2017-11-25 02:37:10:INFO: Signaler for active 'EURUSD' recived pattern 'TEST' in direction 'call'.
2017-11-25 02:37:13:INFO: Signaler for active 'EURUSD' recived pattern 'TEST' in direction 'call'.
2017-11-25 02:37:16:INFO: Signaler for active 'EURUSD' recived pattern 'TEST' in direction 'call'.
2017-11-25 02:37:19:INFO: Signaler for active 'EURUSD' recived pattern 'TEST' in direction 'call'.
2017-11-25 02:37:22:INFO: Signaler for active 'EURUSD' recived pattern 'TEST' in direction 'call'.
2017-11-25 02:37:25:INFO: Signaler for active 'EURUSD' recived pattern 'TEST' in direction 'call'.
2017-11-25 02:37:28:INFO: Signaler for active 'EURUSD' recived pattern 'TEST' in direction 'call'.
2017-11-25 02:37:31:INFO: Signaler for active 'EURUSD' recived pattern 'TEST' in direction 'call'.
2017-11-25 02:37:34:INFO: Signaler for active 'EURUSD' recived pattern 'TEST' in direction 'call'.
2017-11-25 02:37:37:INFO: Signaler for active 'EURUSD' recived pattern 'TEST' in direction 'call'.
2017-11-25 02:37:40:INFO: Signaler for active 'EURUSD' recived pattern 'TEST' in direction 'call'.
2017-11-25 02:37:43:INFO: Signaler for active 'EURUSD' recived pattern 'TEST' in direction 'call'.
2017-11-25 02:37:46:INFO: Signaler for active 'EURUSD' recived pattern 'TEST' in direction 'call'.
2017-11-25 02:37:49:INFO: Signaler for active 'EURUSD' recived pattern 'TEST' in direction 'call'.
2017-11-25 02:37:52:INFO: Signaler for active 'EURUSD' recived pattern 'TEST' in direction 'call'.
2017-11-25 02:37:55:INFO: Signaler for active 'EURUSD' recived pattern 'TEST' in direction 'call'.
2017-11-25 02:37:58:INFO: Signaler for active 'EURUSD' recived pattern 'TEST' in direction 'call'.
2017-11-25 02:38:01:INFO: Signaler for active 'EURUSD' recived pattern 'TEST' in direction 'call'.
2017-11-25 02:38:04:INFO: Signaler for active 'EURUSD' recived pattern 'TEST' in direction 'call'.
2017-11-25 02:38:07:INFO: Signaler for active 'EURUSD' recived pattern 'TEST' in direction 'call'.
2017-11-25 02:38:10:INFO: Signaler for active 'EURUSD' recived pattern 'TEST' in direction 'call'.
2017-11-25 02:38:13:INFO: Signaler for active 'EURUSD' recived pattern 'TEST' in direction 'call'.
2017-11-25 02:38:16:INFO: Signaler for active 'EURUSD' recived pattern 'TEST' in direction 'call'.
2017-11-25 02:38:19:INFO: Signaler for active 'EURUSD' recived pattern 'TEST' in direction 'call'.
2017-11-25 02:38:22:INFO: Signaler for active 'EURUSD' recived pattern 'TEST' in direction 'call'.
2017-11-25 02:38:25:INFO: Signaler for active 'EURUSD' recived pattern 'TEST' in direction 'call'.
2017-11-25 02:38:28:INFO: Signaler for active 'EURUSD' recived pattern 'TEST' in direction 'call'.
2017-11-25 02:38:31:INFO: Signaler for active 'EURUSD' recived pattern 'TEST' in direction 'call'.
2017-11-25 02:38:34:INFO: Signaler for active 'EURUSD' recived pattern 'TEST' in direction 'call'.
2017-11-25 02:38:37:INFO: Signaler for active 'EURUSD' recived pattern 'TEST' in direction 'call'.
2017-11-25 02:38:40:INFO: Signaler for active 'EURUSD' recived pattern 'TEST' in direction 'call'.
2017-11-25 02:38:43:INFO: Signaler for active 'EURUSD' recived pattern 'TEST' in direction 'call'.
2017-11-25 02:38:46:INFO: Signaler for active 'EURUSD' recived pattern 'TEST' in direction 'call'.
2017-11-25 02:38:49:INFO: Signaler for active 'EURUSD' recived pattern 'TEST' in direction 'call'.
2017-11-25 02:38:52:INFO: Signaler for active 'EURUSD' recived pattern 'TEST' in direction 'call'.
2017-11-25 02:38:55:INFO: Signaler for active 'EURUSD' recived pattern 'TEST' in direction 'call'.
2017-11-25 02:38:58:INFO: Signaler for active 'EURUSD' recived pattern 'TEST' in direction 'call'.
2017-11-25 02:39:01:INFO: Signaler for active 'EURUSD' recived pattern 'TEST' in direction 'call'.
2017-11-25 02:39:04:INFO: Signaler for active 'EURUSD' recived pattern 'TEST' in direction 'call'.
2017-11-25 02:39:07:INFO: Signaler for active 'EURUSD' recived pattern 'TEST' in direction 'call'.
2017-11-25 02:39:10:INFO: Signaler for active 'EURUSD' recived pattern 'TEST' in direction 'call'.
2017-11-25 02:39:13:INFO: Signaler for active 'EURUSD' recived pattern 'TEST' in direction 'call'.
2017-11-25 02:39:16:INFO: Signaler for active 'EURUSD' recived pattern 'TEST' in direction 'call'.
2017-11-25 02:39:19:INFO: Signaler for active 'EURUSD' recived pattern 'TEST' in direction 'call'.
2017-11-25 02:39:22:INFO: Signaler for active 'EURUSD' recived pattern 'TEST' in direction 'call'.
2017-11-25 02:39:25:INFO: Signaler for active 'EURUSD' recived pattern 'TEST' in direction 'call'.
2017-11-25 02:39:28:INFO: Signaler for active 'EURUSD' recived pattern 'TEST' in direction 'call'.
2017-11-25 02:39:31:INFO: Signaler for active 'EURUSD' recived pattern 'TEST' in direction 'call'.
2017-11-25 02:39:34:INFO: Signaler for active 'EURUSD' recived pattern 'TEST' in direction 'call'.
2017-11-25 02:39:37:INFO: Signaler for active 'EURUSD' recived pattern 'TEST' in direction 'call'.
2017-11-25 02:39:40:INFO: Signaler for active 'EURUSD' recived pattern 'TEST' in direction 'call'.
2017-11-25 02:39:43:INFO: Signaler for active 'EURUSD' recived pattern 'TEST' in direction 'call'.
2017-11-25 02:39:46:INFO: Signaler for active 'EURUSD' recived pattern 'TEST' in direction 'call'.
2017-11-25 02:39:49:INFO: Signaler for active 'EURUSD' recived pattern 'TEST' in direction 'call'.
2017-11-25 02:39:52:INFO: Signaler for active 'EURUSD' recived pattern 'TEST' in direction 'call'.
2017-11-25 02:39:55:INFO: Signaler for active 'EURUSD' recived pattern 'TEST' in direction 'call'.
2017-11-25 02:39:58:INFO: Signaler for active 'EURUSD' recived pattern 'TEST' in direction 'call'.
2017-11-25 02:40:01:INFO: Signaler for active 'EURUSD' recived pattern 'TEST' in direction 'call'.
2017-11-25 02:40:04:INFO: Signaler for active 'EURUSD' recived pattern 'TEST' in direction 'call'.
2017-11-25 02:40:07:INFO: Signaler for active 'EURUSD' recived pattern 'TEST' in direction 'call'.
2017-11-25 02:40:10:INFO: Signaler for active 'EURUSD' recived pattern 'TEST' in direction 'call'.
2017-11-25 02:40:13:INFO: Signaler for active 'EURUSD' recived pattern 'TEST' in direction 'call'.
2017-11-25 02:40:16:INFO: Signaler for active 'EURUSD' recived pattern 'TEST' in direction 'call'.
2017-11-25 02:40:19:INFO: Signaler for active 'EURUSD' recived pattern 'TEST' in direction 'call'.
2017-11-25 02:40:22:INFO: Signaler for active 'EURUSD' recived pattern 'TEST' in direction 'call'.
2017-11-25 02:40:25:INFO: Signaler for active 'EURUSD' recived pattern 'TEST' in direction 'call'.
2017-11-25 02:40:28:INFO: Signaler for active 'EURUSD' recived pattern 'TEST' in direction 'call'.
2017-11-25 02:40:31:INFO: Signaler for active 'EURUSD' recived pattern 'TEST' in direction 'call'.
2017-11-25 02:40:34:INFO: Signaler for active 'EURUSD' recived pattern 'TEST' in direction 'call'.
2017-11-25 02:40:37:INFO: Signaler for active 'EURUSD' recived pattern 'TEST' in direction 'call'.
2017-11-25 02:40:40:INFO: Signaler for active 'EURUSD' recived pattern 'TEST' in direction 'call'.
2017-11-25 02:40:50:INFO: Signaler for active 'EURUSD' recived pattern 'TEST' in direction 'call'.
2017-11-25 02:40:53:INFO: Signaler for active 'EURUSD' recived pattern 'TEST' in direction 'call'.
2017-11-25 02:40:56:INFO: Signaler for active 'EURUSD' recived pattern 'TEST' in direction 'call'.
2017-11-25 02:40:59:INFO: Signaler for active 'EURUSD' recived pattern 'TEST' in direction 'call'.
2017-11-25 02:41:02:INFO: Signaler for active 'EURUSD' recived pattern 'TEST' in direction 'call'.
2017-11-25 02:41:05:INFO: Signaler for active 'EURUSD' recived pattern 'TEST' in direction 'call'.
2017-11-25 02:41:08:INFO: Signaler for active 'EURUSD' recived pattern 'TEST' in direction 'call'.
2017-11-25 02:41:11:INFO: Signaler for active 'EURUSD' recived pattern 'TEST' in direction 'call'.
2017-11-25 02:41:14:INFO: Signaler for active 'EURUSD' recived pattern 'TEST' in direction 'call'.
2017-11-25 02:41:17:INFO: Signaler for active 'EURUSD' recived pattern 'TEST' in direction 'call'.
2017-11-25 02:41:20:INFO: Signaler for active 'EURUSD' recived pattern 'TEST' in direction 'call'.
2017-11-25 02:41:23:INFO: Signaler for active 'EURUSD' recived pattern 'TEST' in direction 'call'.
2017-11-25 02:41:26:INFO: Signaler for active 'EURUSD' recived pattern 'TEST' in direction 'call'.
2017-11-25 02:41:29:INFO: Signaler for active 'EURUSD' recived pattern 'TEST' in direction 'call'.
2017-11-25 02:41:32:INFO: Signaler for active 'EURUSD' recived pattern 'TEST' in direction 'call'.
2017-11-25 02:41:35:INFO: Signaler for active 'EURUSD' recived pattern 'TEST' in direction 'call'.
2017-11-25 02:41:38:INFO: Signaler for active 'EURUSD' recived pattern 'TEST' in direction 'call'.
2017-11-25 02:41:41:INFO: Signaler for active 'EURUSD' recived pattern 'TEST' in direction 'call'.
2017-11-25 02:41:44:INFO: Signaler for active 'EURUSD' recived pattern 'TEST' in direction 'call'.
2017-11-25 02:41:47:INFO: Signaler for active 'EURUSD' recived pattern 'TEST' in direction 'call'.
2017-11-25 02:41:50:INFO: Signaler for active 'EURUSD' recived pattern 'TEST' in direction 'call'.
2017-11-25 02:41:53:INFO: Signaler for active 'EURUSD' recived pattern 'TEST' in direction 'call'.
2017-11-25 02:41:56:INFO: Signaler for active 'EURUSD' recived pattern 'TEST' in direction 'call'.
2017-11-25 02:41:59:INFO: Signaler for active 'EURUSD' recived pattern 'TEST' in direction 'call'.
2017-11-25 02:42:03:INFO: Signaler for active 'EURUSD' recived pattern 'TEST' in direction 'call'.
2017-11-25 02:42:06:INFO: Signaler for active 'EURUSD' recived pattern 'TEST' in direction 'call'.
2017-11-25 02:42:09:INFO: Signaler for active 'EURUSD' recived pattern 'TEST' in direction 'call'.
2017-11-25 02:42:12:INFO: Signaler for active 'EURUSD' recived pattern 'TEST' in direction 'call'.
2017-11-25 02:42:15:INFO: Signaler for active 'EURUSD' recived pattern 'TEST' in direction 'call'.
2017-11-25 02:42:18:INFO: Signaler for active 'EURUSD' recived pattern 'TEST' in direction 'call'.
2017-11-25 02:42:21:INFO: Signaler for active 'EURUSD' recived pattern 'TEST' in direction 'call'.
2017-11-25 02:42:24:INFO: Signaler for active 'EURUSD' recived pattern 'TEST' in direction 'call'.
2017-11-25 02:42:27:INFO: Signaler for active 'EURUSD' recived pattern 'TEST' in direction 'call'.
2017-11-25 02:42:30:INFO: Signaler for active 'EURUSD' recived pattern 'TEST' in direction 'call'.
2017-11-25 02:42:33:INFO: Signaler for active 'EURUSD' recived pattern 'TEST' in direction 'call'.
2017-11-25 02:42:36:INFO: Signaler for active 'EURUSD' recived pattern 'TEST' in direction 'call'.
2017-11-25 02:42:39:INFO: Signaler for active 'EURUSD' recived pattern 'TEST' in direction 'call'.
2017-11-25 02:42:42:INFO: Signaler for active 'EURUSD' recived pattern 'TEST' in direction 'call'.
2017-11-25 02:42:45:INFO: Signaler for active 'EURUSD' recived pattern 'TEST' in direction 'call'.
2017-11-25 02:42:48:INFO: Signaler for active 'EURUSD' recived pattern 'TEST' in direction 'call'.
2017-11-25 02:42:51:INFO: Signaler for active 'EURUSD' recived pattern 'TEST' in direction 'call'.
2017-11-25 02:42:54:INFO: Signaler for active 'EURUSD' recived pattern 'TEST' in direction 'call'.
2017-11-25 02:42:57:INFO: Signaler for active 'EURUSD' recived pattern 'TEST' in direction 'call'.
2017-11-25 02:43:00:INFO: Signaler for active 'EURUSD' recived pattern 'TEST' in direction 'call'.
2017-11-25 02:43:03:INFO: Signaler for active 'EURUSD' recived pattern 'TEST' in direction 'call'.
2017-11-25 02:43:06:INFO: Signaler for active 'EURUSD' recived pattern 'TEST' in direction 'call'.
2017-11-25 02:43:09:INFO: Signaler for active 'EURUSD' recived pattern 'TEST' in direction 'call'.
2017-11-25 02:43:12:INFO: Signaler for active 'EURUSD' recived pattern 'TEST' in direction 'call'.
2017-11-25 02:43:15:INFO: Signaler for active 'EURUSD' recived pattern 'TEST' in direction 'call'.
2017-11-25 02:43:18:INFO: Signaler for active 'EURUSD' recived pattern 'TEST' in direction 'call'.
2017-11-25 02:43:21:INFO: Signaler for active 'EURUSD' recived pattern 'TEST' in direction 'call'.
2017-11-25 02:43:24:INFO: Signaler for active 'EURUSD' recived pattern 'TEST' in direction 'call'.
2017-11-25 02:43:27:INFO: Signaler for active 'EURUSD' recived pattern 'TEST' in direction 'call'.
2017-11-25 02:43:30:INFO: Signaler for active 'EURUSD' recived pattern 'TEST' in direction 'call'.
2017-11-25 02:43:33:INFO: Signaler for active 'EURUSD' recived pattern 'TEST' in direction 'call'.
2017-11-25 02:43:36:INFO: Signaler for active 'EURUSD' recived pattern 'TEST' in direction 'call'.
2017-11-25 02:43:39:INFO: Signaler for active 'EURUSD' recived pattern 'TEST' in direction 'call'.
2017-11-25 02:43:42:INFO: Signaler for active 'EURUSD' recived pattern 'TEST' in direction 'call'.
2017-11-25 02:43:47:INFO: Signaler for active 'EURUSD' recived pattern 'TEST' in direction 'call'.
2017-11-25 02:43:52:INFO: Signaler for active 'EURUSD' recived pattern 'TEST' in direction 'call'.
2017-11-25 02:43:55:INFO: Signaler for active 'EURUSD' recived pattern 'TEST' in direction 'call'.
2017-11-25 02:43:58:INFO: Signaler for active 'EURUSD' recived pattern 'TEST' in direction 'call'.
2017-11-25 02:44:02:INFO: Signaler for active 'EURUSD' recived pattern 'TEST' in direction 'call'.
2017-11-25 02:44:05:INFO: Signaler for active 'EURUSD' recived pattern 'TEST' in direction 'call'.
2017-11-25 02:49:18:INFO: Create signaler for active 'EURUSD'.
2017-11-25 02:49:18:INFO: Signaler for active 'EURUSD' started.
2017-11-25 02:49:18:INFO: Signaler for active 'EURUSD' wait for pattern 'TEST'.
2017-11-25 02:49:18:INFO: Signaler for active 'EURUSD' wait for pattern 'TBH'.
2017-11-25 02:49:18:INFO: Signaler for active 'EURUSD' recived pattern 'TEST' in direction 'call'.
2017-11-25 02:50:01:INFO: Create signaler for active 'EURUSD'.
2017-11-25 02:50:01:INFO: Signaler for active 'EURUSD' started.
2017-11-25 02:50:01:INFO: Signaler for active 'EURUSD' wait for pattern 'TEST'.
2017-11-25 02:50:01:INFO: Signaler for active 'EURUSD' wait for pattern 'TBH'.
2017-11-25 02:50:01:INFO: Signaler for active 'EURUSD' recived pattern 'TEST' in direction 'call'.
2017-11-25 02:50:04:INFO: Signaler for active 'EURUSD' recived pattern 'TEST' in direction 'call'.
2017-11-25 02:50:07:INFO: Signaler for active 'EURUSD' recived pattern 'TEST' in direction 'call'.
2017-11-25 02:50:10:INFO: Signaler for active 'EURUSD' recived pattern 'TEST' in direction 'call'.
2017-11-25 02:51:39:INFO: Create signaler for active 'EURUSD'.
2017-11-25 02:51:39:INFO: Signaler for active 'EURUSD' started.
2017-11-25 02:51:39:INFO: Signaler for active 'EURUSD' wait for pattern 'TEST'.
2017-11-25 02:51:39:INFO: Signaler for active 'EURUSD' wait for pattern 'TBH'.
2017-11-25 02:51:39:INFO: Signaler for active 'EURUSD' recived pattern 'TEST' in direction 'call'.
2017-11-25 02:51:42:INFO: Signaler for active 'EURUSD' recived pattern 'TEST' in direction 'call'.
2017-11-25 02:51:45:INFO: Signaler for active 'EURUSD' recived pattern 'TEST' in direction 'call'.
2017-11-25 02:51:48:INFO: Signaler for active 'EURUSD' recived pattern 'TEST' in direction 'call'.
2017-11-25 02:52:53:INFO: Create signaler for active 'EURUSD'.
2017-11-25 02:52:53:INFO: Signaler for active 'EURUSD' started.
2017-11-25 02:52:53:INFO: Signaler for active 'EURUSD' wait for pattern 'TEST'.
2017-11-25 02:52:53:INFO: Signaler for active 'EURUSD' wait for pattern 'TBH'.
2017-11-25 02:52:53:INFO: Signaler for active 'EURUSD' recived pattern 'TEST' in direction 'call'.
2017-11-25 02:52:56:INFO: Signaler for active 'EURUSD' recived pattern 'TEST' in direction 'call'.
2017-11-25 02:52:59:INFO: Signaler for active 'EURUSD' recived pattern 'TEST' in direction 'call'.
2017-11-25 02:53:02:INFO: Signaler for active 'EURUSD' recived pattern 'TEST' in direction 'call'.
2017-11-25 02:53:31:INFO: Create signaler for active 'EURUSD'.
2017-11-25 02:53:31:INFO: Signaler for active 'EURUSD' started.
2017-11-25 02:53:31:INFO: Signaler for active 'EURUSD' wait for pattern 'TEST'.
2017-11-25 02:53:31:INFO: Signaler for active 'EURUSD' wait for pattern 'TBH'.
2017-11-25 02:53:31:INFO: Signaler for active 'EURUSD' recived pattern 'TEST' in direction 'call'.
2017-11-25 02:53:34:INFO: Signaler for active 'EURUSD' recived pattern 'TEST' in direction 'call'.
2017-11-25 02:53:37:INFO: Signaler for active 'EURUSD' recived pattern 'TEST' in direction 'call'.
2017-11-25 02:53:40:INFO: Signaler for active 'EURUSD' recived pattern 'TEST' in direction 'call'.
2017-11-25 02:54:27:INFO: Create signaler for active 'EURUSD'.
2017-11-25 02:54:27:INFO: Signaler for active 'EURUSD' started.
2017-11-25 02:54:27:INFO: Signaler for active 'EURUSD' wait for pattern 'TEST'.
2017-11-25 02:54:27:INFO: Signaler for active 'EURUSD' wait for pattern 'TBH'.
2017-11-25 02:54:27:INFO: Signaler for active 'EURUSD' recived pattern 'TEST' in direction 'call'.
2017-11-25 02:54:30:INFO: Signaler for active 'EURUSD' recived pattern 'TEST' in direction 'call'.
2017-11-25 02:54:33:INFO: Signaler for active 'EURUSD' recived pattern 'TEST' in direction 'call'.
2017-11-25 02:54:36:INFO: Signaler for active 'EURUSD' recived pattern 'TEST' in direction 'call'.
2017-11-25 02:55:04:INFO: Create signaler for active 'EURUSD'.
2017-11-25 02:55:04:INFO: Signaler for active 'EURUSD' started.
2017-11-25 02:55:04:INFO: Signaler for active 'EURUSD' wait for pattern 'TEST'.
2017-11-25 02:55:04:INFO: Signaler for active 'EURUSD' wait for pattern 'TBH'.
2017-11-25 02:55:04:INFO: Signaler for active 'EURUSD' recived pattern 'TEST' in direction 'call'.
2017-11-25 02:55:07:INFO: Signaler for active 'EURUSD' recived pattern 'TEST' in direction 'call'.
2017-11-25 02:55:10:INFO: Signaler for active 'EURUSD' recived pattern 'TEST' in direction 'call'.
2017-11-25 02:55:13:INFO: Signaler for active 'EURUSD' recived pattern 'TEST' in direction 'call'.
2017-11-25 02:55:16:INFO: Signaler for active 'EURUSD' recived pattern 'TEST' in direction 'call'.
2017-11-25 02:55:19:INFO: Signaler for active 'EURUSD' recived pattern 'TEST' in direction 'call'.
2017-11-25 02:55:22:INFO: Signaler for active 'EURUSD' recived pattern 'TEST' in direction 'call'.
2017-11-25 02:55:46:INFO: Create signaler for active 'EURUSD'.
2017-11-25 02:55:46:INFO: Signaler for active 'EURUSD' started.
2017-11-25 02:55:46:INFO: Signaler for active 'EURUSD' wait for pattern 'TEST'.
2017-11-25 02:55:46:INFO: Signaler for active 'EURUSD' wait for pattern 'TBH'.
2017-11-25 02:55:46:INFO: Signaler for active 'EURUSD' recived pattern 'TEST' in direction 'call'.
2017-11-25 02:55:49:INFO: Signaler for active 'EURUSD' recived pattern 'TEST' in direction 'call'.
2017-11-25 02:55:52:INFO: Signaler for active 'EURUSD' recived pattern 'TEST' in direction 'call'.
2017-11-25 02:55:56:INFO: Signaler for active 'EURUSD' recived pattern 'TEST' in direction 'call'.
2017-11-25 02:55:59:INFO: Signaler for active 'EURUSD' recived pattern 'TEST' in direction 'call'.
2017-11-25 02:56:02:INFO: Signaler for active 'EURUSD' recived pattern 'TEST' in direction 'call'.
2017-11-25 02:56:23:INFO: Create signaler for active 'EURUSD'.
2017-11-25 02:56:23:INFO: Signaler for active 'EURUSD' started.
2017-11-25 02:56:23:INFO: Signaler for active 'EURUSD' wait for pattern 'TEST'.
2017-11-25 02:56:23:INFO: Signaler for active 'EURUSD' wait for pattern 'TBH'.
2017-11-25 02:56:23:INFO: Signaler for active 'EURUSD' recived pattern 'TEST' in direction 'call'.
2017-11-25 02:56:26:INFO: Signaler for active 'EURUSD' recived pattern 'TEST' in direction 'call'.
2017-11-25 02:56:29:INFO: Signaler for active 'EURUSD' recived pattern 'TEST' in direction 'call'.
2017-11-25 02:59:54:INFO: Create signaler for active 'EURUSD'.
2017-11-25 02:59:54:INFO: Signaler for active 'EURUSD' started.
2017-11-25 02:59:54:INFO: Signaler for active 'EURUSD' wait for pattern 'TEST'.
2017-11-25 02:59:54:INFO: Signaler for active 'EURUSD' wait for pattern 'TBH'.
2017-11-25 02:59:55:INFO: Signaler for active 'EURUSD' recived pattern 'TEST' in direction 'call'.
2017-11-25 02:59:58:INFO: Signaler for active 'EURUSD' recived pattern 'TEST' in direction 'call'.
2017-11-25 03:00:01:INFO: Signaler for active 'EURUSD' recived pattern 'TEST' in direction 'call'.
2017-11-25 03:00:04:INFO: Signaler for active 'EURUSD' recived pattern 'TEST' in direction 'call'.
2017-11-25 03:00:07:INFO: Signaler for active 'EURUSD' recived pattern 'TEST' in direction 'call'.
2017-11-25 03:02:53:INFO: Create signaler for active 'EURUSD'.
2017-11-25 03:02:53:INFO: Signaler for active 'EURUSD' started.
2017-11-25 03:02:53:INFO: Signaler for active 'EURUSD' wait for pattern 'TEST'.
2017-11-25 03:02:53:INFO: Signaler for active 'EURUSD' wait for pattern 'TBH'.
2017-11-25 03:03:27:INFO: Create signaler for active 'EURUSD'.
2017-11-25 03:03:27:INFO: Signaler for active 'EURUSD' started.
2017-11-25 03:03:27:INFO: Signaler for active 'EURUSD' wait for pattern 'TEST'.
2017-11-25 03:03:27:INFO: Signaler for active 'EURUSD' wait for pattern 'TBH'.
2017-11-25 03:03:27:INFO: Signaler for active 'EURUSD' recived pattern 'TEST' in direction 'call'.
2017-11-25 03:03:30:INFO: Signaler for active 'EURUSD' recived pattern 'TEST' in direction 'call'.
2017-11-25 03:06:36:INFO: Create signaler for active 'EURUSD'.
2017-11-25 03:06:36:INFO: Signaler for active 'EURUSD' started.
2017-11-25 03:06:36:INFO: Signaler for active 'EURUSD' wait for pattern 'TEST'.
2017-11-25 03:06:36:INFO: Signaler for active 'EURUSD' wait for pattern 'TBH'.
2017-11-25 03:06:36:INFO: Signaler for active 'EURUSD' recived pattern 'TEST' in direction 'call'.
2017-11-25 03:06:39:INFO: Signaler for active 'EURUSD' recived pattern 'TEST' in direction 'call'.
2017-11-25 03:06:42:INFO: Signaler for active 'EURUSD' recived pattern 'TEST' in direction 'call'.
2017-11-25 03:06:45:INFO: Signaler for active 'EURUSD' recived pattern 'TEST' in direction 'call'.
2017-11-25 03:06:48:INFO: Signaler for active 'EURUSD' recived pattern 'TEST' in direction 'call'.
2017-11-25 03:06:51:INFO: Signaler for active 'EURUSD' recived pattern 'TEST' in direction 'call'.
2017-11-25 03:06:54:INFO: Signaler for active 'EURUSD' recived pattern 'TEST' in direction 'call'.
2017-11-25 03:06:57:INFO: Signaler for active 'EURUSD' recived pattern 'TEST' in direction 'call'.
2017-11-25 03:07:00:INFO: Signaler for active 'EURUSD' recived pattern 'TEST' in direction 'call'.
2017-11-25 03:07:03:INFO: Signaler for active 'EURUSD' recived pattern 'TEST' in direction 'call'.
2017-11-25 03:08:26:INFO: Create signaler for active 'EURUSD'.
2017-11-25 03:08:26:INFO: Signaler for active 'EURUSD' started.
2017-11-25 03:08:26:INFO: Signaler for active 'EURUSD' wait for pattern 'TEST'.
2017-11-25 03:08:26:INFO: Signaler for active 'EURUSD' wait for pattern 'TBH'.
2017-11-25 03:08:26:INFO: Signaler for active 'EURUSD' recived pattern 'TEST' in direction 'call'.
2017-11-25 03:08:29:INFO: Signaler for active 'EURUSD' recived pattern 'TEST' in direction 'call'.
2017-11-25 03:12:10:INFO: Create signaler for active 'EURUSD'.
2017-11-25 03:12:10:INFO: Signaler for active 'EURUSD' started.
2017-11-25 03:12:10:INFO: Signaler for active 'EURUSD' wait for pattern 'TEST'.
2017-11-25 03:12:10:INFO: Signaler for active 'EURUSD' wait for pattern 'TBH'.
2017-11-25 03:12:10:INFO: Signaler for active 'EURUSD' recived pattern 'TEST' in direction 'call'.
2017-11-25 03:12:13:INFO: Signaler for active 'EURUSD' recived pattern 'TEST' in direction 'call'.
2017-11-25 03:13:14:INFO: Create signaler for active 'EURUSD'.
2017-11-25 03:13:14:INFO: Signaler for active 'EURUSD' started.
2017-11-25 03:13:14:INFO: Signaler for active 'EURUSD' wait for pattern 'TEST'.
2017-11-25 03:13:14:INFO: Signaler for active 'EURUSD' wait for pattern 'TBH'.
2017-11-25 03:13:14:INFO: Signaler for active 'EURUSD' recived pattern 'TEST' in direction 'call'.
2017-11-25 03:15:10:INFO: Create signaler for active 'EURUSD'.
2017-11-25 03:15:10:INFO: Signaler for active 'EURUSD' started.
2017-11-25 03:15:10:INFO: Signaler for active 'EURUSD' wait for pattern 'TEST'.
2017-11-25 03:15:10:INFO: Signaler for active 'EURUSD' wait for pattern 'TBH'.
2017-11-25 03:15:10:INFO: Signaler for active 'EURUSD' recived pattern 'TEST' in direction 'call'.
2017-11-25 03:15:13:INFO: Signaler for active 'EURUSD' recived pattern 'TEST' in direction 'call'.
2017-11-25 03:15:41:INFO: Create signaler for active 'EURUSD'.
2017-11-25 03:15:41:INFO: Signaler for active 'EURUSD' started.
2017-11-25 03:15:41:INFO: Signaler for active 'EURUSD' wait for pattern 'TEST'.
2017-11-25 03:15:41:INFO: Signaler for active 'EURUSD' wait for pattern 'TBH'.
2017-11-25 03:15:41:INFO: Signaler for active 'EURUSD' recived pattern 'TEST' in direction 'call'.
2017-11-25 03:15:44:INFO: Signaler for active 'EURUSD' recived pattern 'TEST' in direction 'call'.
2017-11-25 03:15:47:INFO: Signaler for active 'EURUSD' recived pattern 'TEST' in direction 'call'.
2017-11-25 03:15:50:INFO: Signaler for active 'EURUSD' recived pattern 'TEST' in direction 'call'.
2017-11-25 03:15:53:INFO: Signaler for active 'EURUSD' recived pattern 'TEST' in direction 'call'.
2017-11-25 03:16:02:INFO: Signaler for active 'EURUSD' recived pattern 'TEST' in direction 'call'.
2017-11-25 03:16:05:INFO: Signaler for active 'EURUSD' recived pattern 'TEST' in direction 'call'.
2017-11-25 03:16:08:INFO: Signaler for active 'EURUSD' recived pattern 'TEST' in direction 'call'.
2017-11-25 03:16:11:INFO: Signaler for active 'EURUSD' recived pattern 'TEST' in direction 'call'.
2017-11-25 03:16:14:INFO: Signaler for active 'EURUSD' recived pattern 'TEST' in direction 'call'.
2017-11-25 03:16:17:INFO: Signaler for active 'EURUSD' recived pattern 'TEST' in direction 'call'.
2017-11-25 03:16:20:INFO: Signaler for active 'EURUSD' recived pattern 'TEST' in direction 'call'.
2017-11-25 03:16:23:INFO: Signaler for active 'EURUSD' recived pattern 'TEST' in direction 'call'.
2017-11-25 03:16:51:INFO: Signaler for active 'EURUSD' recived pattern 'TEST' in direction 'call'.
2017-11-25 03:16:54:INFO: Signaler for active 'EURUSD' recived pattern 'TEST' in direction 'call'.
2017-11-25 03:16:57:INFO: Signaler for active 'EURUSD' recived pattern 'TEST' in direction 'call'.
2017-11-25 03:17:00:INFO: Signaler for active 'EURUSD' recived pattern 'TEST' in direction 'call'.
2017-11-25 03:17:03:INFO: Signaler for active 'EURUSD' recived pattern 'TEST' in direction 'call'.
2017-11-25 03:17:06:INFO: Signaler for active 'EURUSD' recived pattern 'TEST' in direction 'call'.
2017-11-29 00:47:26:INFO: Create signaler for active 'EURUSD'.
2017-11-29 00:47:26:INFO: Signaler for active 'EURUSD' started.
2017-11-29 00:47:26:INFO: Signaler for active 'EURUSD' wait for pattern 'TEST'.
2017-11-29 00:47:26:INFO: Signaler for active 'EURUSD' wait for pattern 'TBH'.
2017-11-29 00:47:26:INFO: Signaler for active 'EURUSD' recived pattern 'TEST' in direction 'call'.
2017-11-29 00:47:29:INFO: Signaler for active 'EURUSD' recived pattern 'TEST' in direction 'call'.
2017-11-29 00:47:32:INFO: Signaler for active 'EURUSD' recived pattern 'TEST' in direction 'call'.
2017-11-29 00:47:35:INFO: Signaler for active 'EURUSD' recived pattern 'TEST' in direction 'call'.
2017-11-29 00:47:38:INFO: Signaler for active 'EURUSD' recived pattern 'TEST' in direction 'call'.
2017-11-29 00:48:00:INFO: Create signaler for active 'EURUSD'.
2017-11-29 00:48:00:INFO: Signaler for active 'EURUSD' started.
2017-11-29 00:48:00:INFO: Signaler for active 'EURUSD' wait for pattern 'TEST'.
2017-11-29 00:48:00:INFO: Signaler for active 'EURUSD' wait for pattern 'TBH'.
2017-11-29 00:48:00:INFO: Signaler for active 'EURUSD' recived pattern 'TEST' in direction 'call'.
2017-11-29 00:48:03:INFO: Signaler for active 'EURUSD' recived pattern 'TEST' in direction 'call'.
2017-11-29 00:48:06:INFO: Signaler for active 'EURUSD' recived pattern 'TEST' in direction 'call'.
2017-11-29 00:48:09:INFO: Signaler for active 'EURUSD' recived pattern 'TEST' in direction 'call'.
2017-11-29 00:48:12:INFO: Signaler for active 'EURUSD' recived pattern 'TEST' in direction 'call'.
2017-11-29 00:48:15:INFO: Signaler for active 'EURUSD' recived pattern 'TEST' in direction 'call'.
2017-11-29 00:48:18:INFO: Signaler for active 'EURUSD' recived pattern 'TEST' in direction 'call'.
2017-11-29 00:48:21:INFO: Signaler for active 'EURUSD' recived pattern 'TEST' in direction 'call'.
2017-11-29 00:48:39:INFO: Create signaler for active 'EURUSD'.
2017-11-29 00:48:39:INFO: Signaler for active 'EURUSD' started.
2017-11-29 00:48:39:INFO: Signaler for active 'EURUSD' wait for pattern 'TEST'.
2017-11-29 00:48:39:INFO: Signaler for active 'EURUSD' wait for pattern 'TBH'.
2017-11-29 00:48:39:INFO: Signaler for active 'EURUSD' recived pattern 'TEST' in direction 'call'.
2017-11-29 00:48:42:INFO: Signaler for active 'EURUSD' recived pattern 'TEST' in direction 'call'.
2017-11-29 00:48:45:INFO: Signaler for active 'EURUSD' recived pattern 'TEST' in direction 'call'.
2017-11-29 00:48:48:INFO: Signaler for active 'EURUSD' recived pattern 'TEST' in direction 'call'.
